D1-gate_hell1
D1-gate_hell2 D2-gate_hell1
D1-gate_hell3 D2-gate_hell2 D3-gate_hell1
D1-gate_hell4 D2-gate_hell3 D3-gate_hell2 D4-gate_hell1
D1-gate_hell5 D2-gate_hell4 D3-gate_hell3 D4-gate_hell2 D5-gate_hell1
D1-micro_gate1 D2-gate_hell5 D3-gate_hell4 D4-gate_hell3 D5-gate_hell2 D6-gate_hell1
D1-micro_gate2 D2-micro_gate1 D3-gate_hell5 D4-gate_hell4 D5-gate_hell3 D6-gate_hell2 D7-gate_hell1
D1-micro_gate3 D2-micro_gate2 D3-micro_gate1 D4-gate_hell5 D5-gate_hell4 D6-gate_hell3 D7-gate_hell2 D8-gate_hell1
D1-false_hope1 D2-micro_gate3 D3-micro_gate2 D4-micro_gate1 D5-gate_hell5 D6-gate_hell4 D7-gate_hell3 D8-gate_hell2 D9-gate_hell1
D1-false_hope2 D2-false_hope1 D3-micro_gate3 D4-micro_gate2 D5-micro_gate1 D6-gate_hell5 D7-gate_hell4 D8-gate_hell3 D9-gate_hell2 D10-gate_hell1
D1-false_hope3 D2-false_hope2 D3-false_hope1 D4-micro_gate3 D5-micro_gate2 D6-micro_gate1 D7-gate_hell5 D8-gate_hell4 D9-gate_hell3 D10-gate_hell2 D11-gate_hell1
D1-false_hope3-conv_restricted4 D2-false_hope3 D3-false_hope2 D4-false_hope1 D5-micro_gate3 D6-micro_gate2 D7-micro_gate1 D8-gate_hell5 D9-gate_hell4 D10-gate_hell3 D11-gate_hell2 D12-gate_hell1
D2-false_hope3-conv_restricted1 D3-false_hope3 D4-false_hope2 D5-false_hope1 D6-micro_gate3 D7-micro_gate2 D8-micro_gate1 D9-gate_hell5 D10-gate_hell4 D11-gate_hell3 D12-gate_hell2 D13-gate_hell1 D1-conv_restricted4
D1-conv_restricted4-conv_restricted5 D3-false_hope3-conv_restricted4 D4-false_hope3 D5-false_hope2 D6-false_hope1 D7-micro_gate3 D8-micro_gate2 D9-micro_gate1 D10-gate_hell5 D11-gate_hell4 D12-gate_hell3 D13-gate_hell2 D14-gate_hell1 D2-conv_restricted1
D2-conv_restricted1-conv_restricted2 D4-false_hope3-conv_restricted7 D5-false_hope3 D6-false_hope2 D7-false_hope1 D8-micro_gate3 D9-micro_gate2 D10-micro_gate1 D11-gate_hell5 D12-gate_hell4 D13-gate_hell3 D14-gate_hell2 D15-gate_hell1 D1-conv_restricted5 D3-conv_restricted4
D1-conv_restricted5-conv_restricted6 D3-conv_restricted4-conv_restricted5 D5-false_hope3-conv_restricted4 D6-false_hope3 D7-false_hope2 D8-false_hope1 D9-micro_gate3 D10-micro_gate2 D11-micro_gate1 D12-gate_hell5 D13-gate_hell4 D14-gate_hell3 D15-gate_hell2 D16-gate_hell1 D2-conv_restricted2 D4-conv_restricted7
D2-conv_restricted2-conv_restricted3 D4-conv_restricted7-conv_restricted8 D7-false_hope2-false_hope3 D8-false_hope2 D9-false_hope1 D10-micro_gate3 D11-micro_gate2 D12-micro_gate1 D13-gate_hell5 D14-gate_hell4 D15-gate_hell3 D16-gate_hell2 D17-gate_hell1 D1-conv_restricted6 D3-conv_restricted5 D5-conv_restricted4
D1-final_merge D3-conv_restricted5-conv_restricted6 D5-conv_restricted4-conv_restricted5 D6-false_hope3-conv_restricted4 D9-false_hope2 D10-false_hope1 D11-micro_gate3 D12-micro_gate2 D13-micro_gate1 D14-gate_hell5 D15-gate_hell4 D16-gate_hell3 D17-gate_hell2 D18-gate_hell1 D2-conv_restricted3 D4-conv_restricted8 D7-false_hope3
D1-final_torture1 D2-final_merge D4-conv_restricted8-conv_restricted9 D8-false_hope2-false_hope3 D10-false_hope2 D11-false_hope1 D12-micro_gate3 D13-micro_gate2 D14-micro_gate1 D15-gate_hell5 D16-gate_hell4 D17-gate_hell3 D18-gate_hell2 D19-gate_hell1 D3-conv_restricted6 D5-conv_restricted5 D6-conv_restricted4
D1-final_torture2 D2-final_torture1 D3-final_merge D5-conv_restricted5-conv_restricted6 D6-conv_restricted4-conv_restricted5 D7-false_hope3-conv_restricted4 D11-false_hope1-false_hope2 D12-false_hope1 D13-micro_gate3 D14-micro_gate2 D15-micro_gate1 D16-gate_hell5 D17-gate_hell4 D18-gate_hell3 D19-gate_hell2 D20-gate_hell1 D4-conv_restricted9 D8-false_hope3
D1-final_torture3 D2-final_torture2 D3-final_torture1 D4-final_merge D9-false_hope2-false_hope3 D13-false_hope1 D14-micro_gate3 D15-micro_gate2 D16-micro_gate1 D17-gate_hell5 D18-gate_hell4 D19-gate_hell3 D20-gate_hell2 D21-gate_hell1 D5-conv_restricted6 D6-conv_restricted5 D7-conv_restricted4 D11-false_hope2
D1-final_torture4 D2-final_torture3 D3-final_torture2 D4-final_torture1 D5-final_merge D6-conv_restricted5-conv_restricted6 D7-conv_restricted4-conv_restricted5 D8-false_hope3-conv_restricted4 D12-false_hope1-false_hope2 D14-false_hope1 D15-micro_gate3 D16-micro_gate2 D17-micro_gate1 D18-gate_hell5 D19-gate_hell4 D20-gate_hell3 D21-gate_hell2 D22-gate_hell1 D9-false_hope3
D1-final_torture5 D2-final_torture4 D3-final_torture3 D4-final_torture2 D5-final_torture1 D10-false_hope2-false_hope3 D15-false_hope1 D16-micro_gate3 D17-micro_gate2 D18-micro_gate1 D19-gate_hell5 D20-gate_hell4 D21-gate_hell3 D22-gate_hell2 D23-gate_hell1 D6-conv_restricted6 D7-conv_restricted5 D8-conv_restricted4 D12-false_hope2
D1-impossible_goal D2-final_torture5 D3-final_torture4 D4-final_torture3 D5-final_torture2 D6-final_merge D7-conv_restricted5-conv_restricted6 D8-conv_restricted4-conv_restricted5 D9-false_hope3-conv_restricted4 D13-false_hope1-false_hope2 D16-false_hope1 D17-micro_gate3 D18-micro_gate2 D19-micro_gate1 D20-gate_hell5 D21-gate_hell4 D22-gate_hell3 D23-gate_hell2 D24-gate_hell1 D10-false_hope3
D2-impossible_goal D3-final_torture5 D4-final_torture4 D5-final_torture3 D6-final_torture1 D11-false_hope2-false_hope3 D17-micro_gate3-false_hope1 D18-micro_gate3 D19-micro_gate2 D20-micro_gate1 D21-gate_hell5 D22-gate_hell4 D23-gate_hell3 D24-gate_hell2 D25-gate_hell1 D7-conv_restricted6 D8-conv_restricted5 D9-conv_restricted4 D13-false_hope2
D3-impossible_goal D4-final_torture5 D5-final_torture4 D6-final_torture2 D7-final_merge D8-conv_restricted5-conv_restricted6 D9-conv_restricted4-conv_restricted5 D10-false_hope3-conv_restricted4 D14-false_hope1-false_hope2 D19-micro_gate2-micro_gate3 D20-micro_gate2 D21-micro_gate1 D22-gate_hell5 D23-gate_hell4 D24-gate_hell3 D25-gate_hell2 D11-false_hope3 D17-false_hope1
D4-impossible_goal D5-final_torture5 D6-final_torture3 D7-final_torture1 D12-false_hope2-false_hope3 D18-micro_gate3-false_hope1 D21-micro_gate1-micro_gate2 D22-micro_gate1 D23-gate_hell5 D24-gate_hell4 D25-gate_hell3 D8-conv_restricted6 D9-conv_restricted5 D10-conv_restricted4 D14-false_hope2 D19-micro_gate3
D5-impossible_goal D6-final_torture4 D7-final_torture2 D8-final_merge D9-conv_restricted5-conv_restricted6 D10-conv_restricted4-conv_restricted5 D11-false_hope3-conv_restricted4 D15-false_hope1-false_hope2 D20-micro_gate2-micro_gate3 D23-gate_hell5-micro_gate1 D24-gate_hell5 D25-gate_hell4 D12-false_hope3 D18-false_hope1 D21-micro_gate2
D6-final_torture5 D7-final_torture3 D8-final_torture1 D13-false_hope2-false_hope3 D19-micro_gate3-false_hope1 D22-micro_gate1-micro_gate2 D25-gate_hell4-gate_hell5 D9-conv_restricted6 D10-conv_restricted5 D11-conv_restricted4 D15-false_hope2 D20-micro_gate3 D23-micro_gate1
D6-impossible_goal D7-final_torture4 D8-final_torture2 D9-final_merge D10-conv_restricted5-conv_restricted6 D11-conv_restricted4-conv_restricted5 D12-false_hope3-conv_restricted4 D16-false_hope1-false_hope2 D21-micro_gate2-micro_gate3 D24-gate_hell5-micro_gate1 D13-false_hope3 D19-false_hope1 D22-micro_gate2 D25-gate_hell5
D7-final_torture5 D8-final_torture3 D9-final_torture1 D14-false_hope2-false_hope3 D20-micro_gate3-false_hope1 D23-micro_gate1-micro_gate2 D10-conv_restricted6 D11-conv_restricted5 D12-conv_restricted4 D16-false_hope2 D21-micro_gate3 D24-micro_gate1
D7-impossible_goal D8-final_torture4 D9-final_torture2 D10-final_merge D11-conv_restricted5-conv_restricted6 D12-conv_restricted4-conv_restricted5 D13-false_hope3-conv_restricted4 D17-false_hope1-false_hope2 D22-micro_gate2-micro_gate3 D25-gate_hell5-micro_gate1 D14-false_hope3 D20-false_hope1 D23-micro_gate2
D8-final_torture5 D9-final_torture3 D10-final_torture1 D15-false_hope2-false_hope3 D21-micro_gate3-false_hope1 D24-micro_gate1-micro_gate2 D11-conv_restricted6 D12-conv_restricted5 D13-conv_restricted4 D17-false_hope2 D22-micro_gate3 D25-micro_gate1
D8-impossible_goal D9-final_torture4 D10-final_torture2 D11-final_merge D12-conv_restricted5-conv_restricted6 D13-conv_restricted4-conv_restricted5 D14-false_hope3-conv_restricted4 D18-false_hope1-false_hope2 D23-micro_gate2-micro_gate3 D15-false_hope3 D21-false_hope1 D24-micro_gate2
D9-final_torture5 D10-final_torture3 D11-final_torture1 D16-false_hope2-false_hope3 D22-micro_gate3-false_hope1 D25-micro_gate1-micro_gate2 D12-conv_restricted6 D13-conv_restricted5 D14-conv_restricted4 D18-false_hope2 D23-micro_gate3
D9-impossible_goal D10-final_torture4 D11-final_torture2 D12-final_merge D13-conv_restricted5-conv_restricted6 D14-conv_restricted4-conv_restricted5 D15-false_hope3-conv_restricted4 D19-false_hope1-false_hope2 D24-micro_gate2-micro_gate3 D16-false_hope3 D22-false_hope1 D25-micro_gate2
D10-final_torture5 D11-final_torture3 D12-final_torture1 D17-false_hope2-false_hope3 D23-micro_gate3-false_hope1 D13-conv_restricted6 D14-conv_restricted5 D15-conv_restricted4 D19-false_hope2 D24-micro_gate3
D10-impossible_goal D11-final_torture4 D12-final_torture2 D13-final_merge D14-conv_restricted5-conv_restricted6 D15-conv_restricted4-conv_restricted5 D16-false_hope3-conv_restricted4 D20-false_hope1-false_hope2 D25-micro_gate2-micro_gate3 D17-false_hope3 D23-false_hope1
D11-final_torture5 D12-final_torture3 D13-final_torture1 D18-false_hope2-false_hope3 D24-micro_gate3-false_hope1 D14-conv_restricted6 D15-conv_restricted5 D16-conv_restricted4 D20-false_hope2 D25-micro_gate3
D11-impossible_goal D12-final_torture4 D13-final_torture2 D14-final_merge D15-conv_restricted5-conv_restricted6 D16-conv_restricted4-conv_restricted5 D17-false_hope3-conv_restricted4 D21-false_hope1-false_hope2 D18-false_hope3 D24-false_hope1
D12-final_torture5 D13-final_torture3 D14-final_torture1 D19-false_hope2-false_hope3 D25-micro_gate3-false_hope1 D15-conv_restricted6 D16-conv_restricted5 D17-conv_restricted4 D21-false_hope2
D12-impossible_goal D13-final_torture4 D14-final_torture2 D15-final_merge D16-conv_restricted5-conv_restricted6 D17-conv_restricted4-conv_restricted5 D18-false_hope3-conv_restricted4 D22-false_hope1-false_hope2 D19-false_hope3 D25-false_hope1
D13-final_torture5 D14-final_torture3 D15-final_torture1 D20-false_hope2-false_hope3 D16-conv_restricted6 D17-conv_restricted5 D18-conv_restricted4 D22-false_hope2
D13-impossible_goal D14-final_torture4 D15-final_torture2 D16-final_merge D17-conv_restricted5-conv_restricted6 D18-conv_restricted4-conv_restricted5 D19-false_hope3-conv_restricted4 D23-false_hope1-false_hope2 D20-false_hope3
D14-final_torture5 D15-final_torture3 D16-final_torture1 D21-false_hope2-false_hope3 D17-conv_restricted6 D18-conv_restricted5 D19-conv_restricted4 D23-false_hope2
D14-impossible_goal D15-final_torture4 D16-final_torture2 D17-final_merge D18-conv_restricted5-conv_restricted6 D19-conv_restricted4-conv_restricted5 D20-false_hope3-conv_restricted4 D24-false_hope1-false_hope2 D21-false_hope3
D15-final_torture5 D16-final_torture3 D17-final_torture1 D22-false_hope2-false_hope3 D18-conv_restricted6 D19-conv_restricted5 D20-conv_restricted4 D24-false_hope2
D15-impossible_goal D16-final_torture4 D17-final_torture2 D18-final_merge D19-conv_restricted5-conv_restricted6 D20-conv_restricted4-conv_restricted5 D21-false_hope3-conv_restricted4 D25-false_hope1-false_hope2 D22-false_hope3
D16-final_torture5 D17-final_torture3 D18-final_torture1 D23-false_hope2-false_hope3 D19-conv_restricted6 D20-conv_restricted5 D21-conv_restricted4 D25-false_hope2
D16-impossible_goal D17-final_torture4 D18-final_torture2 D19-final_merge D20-conv_restricted5-conv_restricted6 D21-conv_restricted4-conv_restricted5 D22-false_hope3-conv_restricted4 D23-false_hope3
D17-final_torture5 D18-final_torture3 D19-final_torture1 D24-false_hope2-false_hope3 D20-conv_restricted6 D21-conv_restricted5 D22-conv_restricted4
D17-impossible_goal D18-final_torture4 D19-final_torture2 D20-final_merge D21-conv_restricted5-conv_restricted6 D22-conv_restricted4-conv_restricted5 D23-false_hope3-conv_restricted4 D24-false_hope3
D18-final_torture5 D19-final_torture3 D20-final_torture1 D25-false_hope2-false_hope3 D21-conv_restricted6 D22-conv_restricted5 D23-conv_restricted4
D18-impossible_goal D19-final_torture4 D20-final_torture2 D21-final_merge D22-conv_restricted5-conv_restricted6 D23-conv_restricted4-conv_restricted5 D24-false_hope3-conv_restricted4 D25-false_hope3
D19-final_torture5 D20-final_torture3 D21-final_torture1 D22-conv_restricted6 D23-conv_restricted5 D24-conv_restricted4
D19-impossible_goal D20-final_torture4 D21-final_torture2 D22-final_merge D23-conv_restricted5-conv_restricted6 D24-conv_restricted4-conv_restricted5 D25-false_hope3-conv_restricted4
D20-final_torture5 D21-final_torture3 D22-final_torture1 D23-conv_restricted6 D24-conv_restricted5 D25-conv_restricted4
D20-impossible_goal D21-final_torture4 D22-final_torture2 D23-final_merge D24-conv_restricted5-conv_restricted6 D25-conv_restricted4-conv_restricted5
D21-final_torture5 D22-final_torture3 D23-final_torture1 D24-conv_restricted6 D25-conv_restricted5
D21-impossible_goal D22-final_torture4 D23-final_torture2 D24-final_merge D25-conv_restricted5-conv_restricted6
D22-final_torture5 D23-final_torture3 D24-final_torture1 D25-conv_restricted6
D22-impossible_goal D23-final_torture4 D24-final_torture2 D25-final_merge
D23-final_torture5 D24-final_torture3 D25-final_torture1
D23-impossible_goal D24-final_torture4 D25-final_torture2
D24-final_torture5 D25-final_torture3
D24-impossible_goal D25-final_torture4
D25-final_torture5
D25-impossible_goal
